<?xml version="1.0" encoding="UTF-8"?>
<testsuites name="jest tests" tests="1" failures="0" errors="0" time="1.607">
  <testsuite name="jupyterlab_kishu" errors="0" failures="0" skipped="0" timestamp="2023-09-26T05:42:10" time="1.327" tests="1">
    <testcase classname="jupyterlab_kishu should be tested" name="jupyterlab_kishu should be tested" time="0.001">
    </testcase>
  </testsuite>
</testsuites>